<?xml version="1.0" encoding="UTF-8"?>
<!-- Generated by org.testng.reporters.JUnitReportReporter -->
<testsuite hostname="DESKTOP-GE10FIN" failures="0" tests="1" name="com.Testng.HardAssert" time="0.022" errors="0" timestamp="2023-05-26T09:57:45 IST" skipped="0">
  <testcase classname="com.Testng.HardAssert" name="Demo" time="0.022"/>
  <system-out/>
</testsuite> <!-- com.Testng.HardAssert -->
