<?xml version="1.0" encoding="UTF-8"?>
<!-- Generated by org.testng.reporters.JUnitReportReporter -->
<testsuite hostname="DESKTOP-GE10FIN" failures="0" tests="5" name="com.Testng.Annatation_Inovocation" time="0.032" errors="0" timestamp="2023-05-19T08:10:17 IST" skipped="0">
  <testcase classname="com.Testng.Annatation_Inovocation" name="women" time="0.007"/>
  <system-out/>
  <testcase classname="com.Testng.Annatation_Inovocation" name="kids" time="0.010"/>
  <system-out/>
  <testcase classname="com.Testng.Annatation_Inovocation" name="men" time="0.007"/>
  <system-out/>
  <testcase classname="com.Testng.Annatation_Inovocation" name="women" time="0.004"/>
  <system-out/>
  <testcase classname="com.Testng.Annatation_Inovocation" name="women" time="0.004"/>
  <system-out/>
</testsuite> <!-- com.Testng.Annatation_Inovocation -->
