<?xml version="1.0" encoding="UTF-8"?>
<!-- Generated by org.testng.reporters.JUnitReportReporter -->
<testsuite hostname="DESKTOP-GE10FIN" failures="0" tests="1" name="com.Testng.Timeoutcon" time="6.052" errors="0" timestamp="2023-05-23T17:40:01 IST" skipped="0">
  <testcase classname="com.Testng.Timeoutcon" name="login" time="6.052"/>
  <system-out/>
</testsuite> <!-- com.Testng.Timeoutcon -->
