<?xml version="1.0" encoding="UTF-8"?>
<!-- Generated by org.testng.reporters.JUnitReportReporter -->
<testsuite hostname="DESKTOP-GE10FIN" failures="0" tests="3" name="com.Testng.Simple_Annated" time="0.025" errors="0" timestamp="2023-05-18T11:05:38 IST" skipped="0">
  <testcase classname="com.Testng.Simple_Annated" name="women" time="0.009"/>
  <system-out/>
  <testcase classname="com.Testng.Simple_Annated" name="kids" time="0.009"/>
  <system-out/>
  <testcase classname="com.Testng.Simple_Annated" name="men" time="0.007"/>
  <system-out/>
</testsuite> <!-- com.Testng.Simple_Annated -->
