<?xml version="1.0" encoding="UTF-8"?>
<!-- Generated by org.testng.reporters.JUnitReportReporter -->
<testsuite hostname="DESKTOP-GE10FIN" failures="0" tests="3" name="com.Testng.Annatation_Priority" time="0.025" errors="0" timestamp="2023-05-19T08:09:00 IST" skipped="0">
  <testcase classname="com.Testng.Annatation_Priority" name="kids" time="0.013"/>
  <system-out/>
  <testcase classname="com.Testng.Annatation_Priority" name="men" time="0.002"/>
  <system-out/>
  <testcase classname="com.Testng.Annatation_Priority" name="women" time="0.010"/>
  <system-out/>
</testsuite> <!-- com.Testng.Annatation_Priority -->
