<?xml version="1.0" encoding="UTF-8"?>
<!-- Generated by org.testng.reporters.JUnitReportReporter -->
<testsuite hostname="DESKTOP-GE10FIN" failures="0" tests="2" name="com.Testng.dependencycon" time="0.018" errors="0" timestamp="2023-05-26T09:21:39 IST" skipped="0">
  <testcase classname="com.Testng.dependencycon" name="login" time="0.012"/>
  <system-out/>
  <testcase classname="com.Testng.dependencycon" name="credential" time="0.006"/>
  <system-out/>
</testsuite> <!-- com.Testng.dependencycon -->
