<?xml version="1.0" encoding="UTF-8"?>
<!-- Generated by org.testng.reporters.JUnitReportReporter -->
<testsuite hostname="DESKTOP-GE10FIN" failures="0" tests="1" name="com.Testng.ExceptedException" time="0.017" errors="0" timestamp="2023-05-26T09:26:49 IST" skipped="0">
  <testcase classname="com.Testng.ExceptedException" name="Demo" time="0.017"/>
  <system-out/>
</testsuite> <!-- com.Testng.ExceptedException -->
