<?xml version="1.0" encoding="UTF-8"?>
<!-- Generated by org.testng.reporters.JUnitReportReporter -->
<testsuite hostname="DESKTOP-GE10FIN" failures="0" tests="1" name="com.Testng.Parameter" time="0.014" errors="0" timestamp="2023-05-26T09:33:25 IST" skipped="0">
  <testcase classname="com.Testng.Parameter" name="Credentials" time="0.014"/>
  <system-out/>
</testsuite> <!-- com.Testng.Parameter -->
