<?xml version="1.0" encoding="UTF-8"?>
<!-- Generated by org.testng.reporters.JUnitReportReporter -->
<testsuite hostname="DESKTOP-GE10FIN" failures="0" tests="1" name="com.Testng.Softassert" time="0.029" errors="0" timestamp="2023-05-26T09:54:31 IST" skipped="0">
  <testcase classname="com.Testng.Softassert" name="demo" time="0.029"/>
  <system-out/>
</testsuite> <!-- com.Testng.Softassert -->
