<?xml version="1.0" encoding="UTF-8"?>
<!-- Generated by org.testng.reporters.JUnitReportReporter -->
<testsuite hostname="DESKTOP-GE10FIN" failures="0" tests="2" name="com.Testng.Group" time="0.021" errors="0" timestamp="2023-05-23T17:08:29 IST" skipped="0">
  <testcase classname="com.Testng.Group" name="wood" time="0.003"/>
  <system-out/>
  <testcase classname="com.Testng.Group" name="Wood" time="0.018"/>
  <system-out/>
</testsuite> <!-- com.Testng.Group -->
